Determining if the pthread_create exist failed with the following output:
Change Dir: /home/mivia/CONSEGNA/fanuc_ws/build/fanuc_freezed_moveit_config/CMakeFiles/CMakeTmp

Run Build Command:"/usr/bin/make" "cmTC_f2ca3/fast"
/usr/bin/make -f CMakeFiles/cmTC_f2ca3.dir/build.make CMakeFiles/cmTC_f2ca3.dir/build
make[1]: Entering directory '/home/mivia/CONSEGNA/fanuc_ws/build/fanuc_freezed_moveit_config/CMakeFiles/CMakeTmp'
Building C object CMakeFiles/cmTC_f2ca3.dir/CheckSymbolExists.c.o
/usr/bin/cc    -o CMakeFiles/cmTC_f2ca3.dir/CheckSymbolExists.c.o   -c /home/mivia/CONSEGNA/fanuc_ws/build/fanuc_freezed_moveit_config/CMakeFiles/CMakeTmp/CheckSymbolExists.c
Linking C executable cmTC_f2ca3
/usr/bin/cmake -E cmake_link_script CMakeFiles/cmTC_f2ca3.dir/link.txt --verbose=1
/usr/bin/cc      -rdynamic CMakeFiles/cmTC_f2ca3.dir/CheckSymbolExists.c.o  -o cmTC_f2ca3 
CMakeFiles/cmTC_f2ca3.dir/CheckSymbolExists.c.o: In function `main':
CheckSymbolExists.c:(.text+0x1b): undefined reference to `pthread_create'
collect2: error: ld returned 1 exit status
CMakeFiles/cmTC_f2ca3.dir/build.make:97: recipe for target 'cmTC_f2ca3' failed
make[1]: *** [cmTC_f2ca3] Error 1
make[1]: Leaving directory '/home/mivia/CONSEGNA/fanuc_ws/build/fanuc_freezed_moveit_config/CMakeFiles/CMakeTmp'
Makefile:126: recipe for target 'cmTC_f2ca3/fast' failed
make: *** [cmTC_f2ca3/fast] Error 2

File /home/mivia/CONSEGNA/fanuc_ws/build/fanuc_freezed_moveit_config/CMakeFiles/CMakeTmp/CheckSymbolExists.c:
/* */
#include <pthread.h>

int main(int argc, char** argv)
{
  (void)argv;
#ifndef pthread_create
  return ((int*)(&pthread_create))[argc];
#else
  (void)argc;
  return 0;
#endif
}

Determining if the function pthread_create exists in the pthreads failed with the following output:
Change Dir: /home/mivia/CONSEGNA/fanuc_ws/build/fanuc_freezed_moveit_config/CMakeFiles/CMakeTmp

Run Build Command:"/usr/bin/make" "cmTC_23ee9/fast"
/usr/bin/make -f CMakeFiles/cmTC_23ee9.dir/build.make CMakeFiles/cmTC_23ee9.dir/build
make[1]: Entering directory '/home/mivia/CONSEGNA/fanuc_ws/build/fanuc_freezed_moveit_config/CMakeFiles/CMakeTmp'
Building C object CMakeFiles/cmTC_23ee9.dir/CheckFunctionExists.c.o
/usr/bin/cc   -DCHECK_FUNCTION_EXISTS=pthread_create   -o CMakeFiles/cmTC_23ee9.dir/CheckFunctionExists.c.o   -c /usr/share/cmake-3.10/Modules/CheckFunctionExists.c
Linking C executable cmTC_23ee9
/usr/bin/cmake -E cmake_link_script CMakeFiles/cmTC_23ee9.dir/link.txt --verbose=1
/usr/bin/cc  -DCHECK_FUNCTION_EXISTS=pthread_create    -rdynamic CMakeFiles/cmTC_23ee9.dir/CheckFunctionExists.c.o  -o cmTC_23ee9 -lpthreads 
/usr/bin/ld: cannot find -lpthreads
collect2: error: ld returned 1 exit status
CMakeFiles/cmTC_23ee9.dir/build.make:97: recipe for target 'cmTC_23ee9' failed
make[1]: *** [cmTC_23ee9] Error 1
make[1]: Leaving directory '/home/mivia/CONSEGNA/fanuc_ws/build/fanuc_freezed_moveit_config/CMakeFiles/CMakeTmp'
Makefile:126: recipe for target 'cmTC_23ee9/fast' failed
make: *** [cmTC_23ee9/fast] Error 2


