Determining if the pthread_create exist failed with the following output:
Change Dir: /home/mivia/CONSEGNA/fanuc_ws/build/fanuc_movegroup_interface/CMakeFiles/CMakeTmp

Run Build Command:"/usr/bin/make" "cmTC_28371/fast"
/usr/bin/make -f CMakeFiles/cmTC_28371.dir/build.make CMakeFiles/cmTC_28371.dir/build
make[1]: Entering directory '/home/mivia/CONSEGNA/fanuc_ws/build/fanuc_movegroup_interface/CMakeFiles/CMakeTmp'
Building C object CMakeFiles/cmTC_28371.dir/CheckSymbolExists.c.o
/usr/bin/cc    -o CMakeFiles/cmTC_28371.dir/CheckSymbolExists.c.o   -c /home/mivia/CONSEGNA/fanuc_ws/build/fanuc_movegroup_interface/CMakeFiles/CMakeTmp/CheckSymbolExists.c
Linking C executable cmTC_28371
/usr/bin/cmake -E cmake_link_script CMakeFiles/cmTC_28371.dir/link.txt --verbose=1
/usr/bin/cc      -rdynamic CMakeFiles/cmTC_28371.dir/CheckSymbolExists.c.o  -o cmTC_28371 
CMakeFiles/cmTC_28371.dir/CheckSymbolExists.c.o: In function `main':
CheckSymbolExists.c:(.text+0x1b): undefined reference to `pthread_create'
collect2: error: ld returned 1 exit status
CMakeFiles/cmTC_28371.dir/build.make:97: recipe for target 'cmTC_28371' failed
make[1]: *** [cmTC_28371] Error 1
make[1]: Leaving directory '/home/mivia/CONSEGNA/fanuc_ws/build/fanuc_movegroup_interface/CMakeFiles/CMakeTmp'
Makefile:126: recipe for target 'cmTC_28371/fast' failed
make: *** [cmTC_28371/fast] Error 2

File /home/mivia/CONSEGNA/fanuc_ws/build/fanuc_movegroup_interface/CMakeFiles/CMakeTmp/CheckSymbolExists.c:
/* */
#include <pthread.h>

int main(int argc, char** argv)
{
  (void)argv;
#ifndef pthread_create
  return ((int*)(&pthread_create))[argc];
#else
  (void)argc;
  return 0;
#endif
}

Determining if the function pthread_create exists in the pthreads failed with the following output:
Change Dir: /home/mivia/CONSEGNA/fanuc_ws/build/fanuc_movegroup_interface/CMakeFiles/CMakeTmp

Run Build Command:"/usr/bin/make" "cmTC_09292/fast"
/usr/bin/make -f CMakeFiles/cmTC_09292.dir/build.make CMakeFiles/cmTC_09292.dir/build
make[1]: Entering directory '/home/mivia/CONSEGNA/fanuc_ws/build/fanuc_movegroup_interface/CMakeFiles/CMakeTmp'
Building C object CMakeFiles/cmTC_09292.dir/CheckFunctionExists.c.o
/usr/bin/cc   -DCHECK_FUNCTION_EXISTS=pthread_create   -o CMakeFiles/cmTC_09292.dir/CheckFunctionExists.c.o   -c /usr/share/cmake-3.10/Modules/CheckFunctionExists.c
Linking C executable cmTC_09292
/usr/bin/cmake -E cmake_link_script CMakeFiles/cmTC_09292.dir/link.txt --verbose=1
/usr/bin/cc  -DCHECK_FUNCTION_EXISTS=pthread_create    -rdynamic CMakeFiles/cmTC_09292.dir/CheckFunctionExists.c.o  -o cmTC_09292 -lpthreads 
/usr/bin/ld: cannot find -lpthreads
collect2: error: ld returned 1 exit status
CMakeFiles/cmTC_09292.dir/build.make:97: recipe for target 'cmTC_09292' failed
make[1]: *** [cmTC_09292] Error 1
make[1]: Leaving directory '/home/mivia/CONSEGNA/fanuc_ws/build/fanuc_movegroup_interface/CMakeFiles/CMakeTmp'
Makefile:126: recipe for target 'cmTC_09292/fast' failed
make: *** [cmTC_09292/fast] Error 2


