Determining if the pthread_create exist failed with the following output:
Change Dir: /home/mivia/CONSEGNA/Exercise5/build/fanuc_move_group_interface/CMakeFiles/CMakeTmp

Run Build Command:"/usr/bin/make" "cmTC_00e91/fast"
/usr/bin/make -f CMakeFiles/cmTC_00e91.dir/build.make CMakeFiles/cmTC_00e91.dir/build
make[1]: Entering directory '/home/mivia/CONSEGNA/Exercise5/build/fanuc_move_group_interface/CMakeFiles/CMakeTmp'
Building C object CMakeFiles/cmTC_00e91.dir/CheckSymbolExists.c.o
/usr/bin/cc    -o CMakeFiles/cmTC_00e91.dir/CheckSymbolExists.c.o   -c /home/mivia/CONSEGNA/Exercise5/build/fanuc_move_group_interface/CMakeFiles/CMakeTmp/CheckSymbolExists.c
Linking C executable cmTC_00e91
/usr/bin/cmake -E cmake_link_script CMakeFiles/cmTC_00e91.dir/link.txt --verbose=1
/usr/bin/cc      -rdynamic CMakeFiles/cmTC_00e91.dir/CheckSymbolExists.c.o  -o cmTC_00e91 
CMakeFiles/cmTC_00e91.dir/CheckSymbolExists.c.o: In function `main':
CheckSymbolExists.c:(.text+0x1b): undefined reference to `pthread_create'
collect2: error: ld returned 1 exit status
CMakeFiles/cmTC_00e91.dir/build.make:97: recipe for target 'cmTC_00e91' failed
make[1]: *** [cmTC_00e91] Error 1
make[1]: Leaving directory '/home/mivia/CONSEGNA/Exercise5/build/fanuc_move_group_interface/CMakeFiles/CMakeTmp'
Makefile:126: recipe for target 'cmTC_00e91/fast' failed
make: *** [cmTC_00e91/fast] Error 2

File /home/mivia/CONSEGNA/Exercise5/build/fanuc_move_group_interface/CMakeFiles/CMakeTmp/CheckSymbolExists.c:
/* */
#include <pthread.h>

int main(int argc, char** argv)
{
  (void)argv;
#ifndef pthread_create
  return ((int*)(&pthread_create))[argc];
#else
  (void)argc;
  return 0;
#endif
}

Determining if the function pthread_create exists in the pthreads failed with the following output:
Change Dir: /home/mivia/CONSEGNA/Exercise5/build/fanuc_move_group_interface/CMakeFiles/CMakeTmp

Run Build Command:"/usr/bin/make" "cmTC_df49b/fast"
/usr/bin/make -f CMakeFiles/cmTC_df49b.dir/build.make CMakeFiles/cmTC_df49b.dir/build
make[1]: Entering directory '/home/mivia/CONSEGNA/Exercise5/build/fanuc_move_group_interface/CMakeFiles/CMakeTmp'
Building C object CMakeFiles/cmTC_df49b.dir/CheckFunctionExists.c.o
/usr/bin/cc   -DCHECK_FUNCTION_EXISTS=pthread_create   -o CMakeFiles/cmTC_df49b.dir/CheckFunctionExists.c.o   -c /usr/share/cmake-3.10/Modules/CheckFunctionExists.c
Linking C executable cmTC_df49b
/usr/bin/cmake -E cmake_link_script CMakeFiles/cmTC_df49b.dir/link.txt --verbose=1
/usr/bin/cc  -DCHECK_FUNCTION_EXISTS=pthread_create    -rdynamic CMakeFiles/cmTC_df49b.dir/CheckFunctionExists.c.o  -o cmTC_df49b -lpthreads 
/usr/bin/ld: cannot find -lpthreads
collect2: error: ld returned 1 exit status
CMakeFiles/cmTC_df49b.dir/build.make:97: recipe for target 'cmTC_df49b' failed
make[1]: *** [cmTC_df49b] Error 1
make[1]: Leaving directory '/home/mivia/CONSEGNA/Exercise5/build/fanuc_move_group_interface/CMakeFiles/CMakeTmp'
Makefile:126: recipe for target 'cmTC_df49b/fast' failed
make: *** [cmTC_df49b/fast] Error 2


