Determining if the pthread_create exist failed with the following output:
Change Dir: /home/mivia/CONSEGNA/Exercise5/build/fanuc_description/CMakeFiles/CMakeTmp

Run Build Command:"/usr/bin/make" "cmTC_7f7dc/fast"
/usr/bin/make -f CMakeFiles/cmTC_7f7dc.dir/build.make CMakeFiles/cmTC_7f7dc.dir/build
make[1]: Entering directory '/home/mivia/CONSEGNA/Exercise5/build/fanuc_description/CMakeFiles/CMakeTmp'
Building C object CMakeFiles/cmTC_7f7dc.dir/CheckSymbolExists.c.o
/usr/bin/cc    -o CMakeFiles/cmTC_7f7dc.dir/CheckSymbolExists.c.o   -c /home/mivia/CONSEGNA/Exercise5/build/fanuc_description/CMakeFiles/CMakeTmp/CheckSymbolExists.c
Linking C executable cmTC_7f7dc
/usr/bin/cmake -E cmake_link_script CMakeFiles/cmTC_7f7dc.dir/link.txt --verbose=1
/usr/bin/cc      -rdynamic CMakeFiles/cmTC_7f7dc.dir/CheckSymbolExists.c.o  -o cmTC_7f7dc 
CMakeFiles/cmTC_7f7dc.dir/CheckSymbolExists.c.o: In function `main':
CheckSymbolExists.c:(.text+0x1b): undefined reference to `pthread_create'
collect2: error: ld returned 1 exit status
CMakeFiles/cmTC_7f7dc.dir/build.make:97: recipe for target 'cmTC_7f7dc' failed
make[1]: *** [cmTC_7f7dc] Error 1
make[1]: Leaving directory '/home/mivia/CONSEGNA/Exercise5/build/fanuc_description/CMakeFiles/CMakeTmp'
Makefile:126: recipe for target 'cmTC_7f7dc/fast' failed
make: *** [cmTC_7f7dc/fast] Error 2

File /home/mivia/CONSEGNA/Exercise5/build/fanuc_description/CMakeFiles/CMakeTmp/CheckSymbolExists.c:
/* */
#include <pthread.h>

int main(int argc, char** argv)
{
  (void)argv;
#ifndef pthread_create
  return ((int*)(&pthread_create))[argc];
#else
  (void)argc;
  return 0;
#endif
}

Determining if the function pthread_create exists in the pthreads failed with the following output:
Change Dir: /home/mivia/CONSEGNA/Exercise5/build/fanuc_description/CMakeFiles/CMakeTmp

Run Build Command:"/usr/bin/make" "cmTC_81772/fast"
/usr/bin/make -f CMakeFiles/cmTC_81772.dir/build.make CMakeFiles/cmTC_81772.dir/build
make[1]: Entering directory '/home/mivia/CONSEGNA/Exercise5/build/fanuc_description/CMakeFiles/CMakeTmp'
Building C object CMakeFiles/cmTC_81772.dir/CheckFunctionExists.c.o
/usr/bin/cc   -DCHECK_FUNCTION_EXISTS=pthread_create   -o CMakeFiles/cmTC_81772.dir/CheckFunctionExists.c.o   -c /usr/share/cmake-3.10/Modules/CheckFunctionExists.c
Linking C executable cmTC_81772
/usr/bin/cmake -E cmake_link_script CMakeFiles/cmTC_81772.dir/link.txt --verbose=1
/usr/bin/cc  -DCHECK_FUNCTION_EXISTS=pthread_create    -rdynamic CMakeFiles/cmTC_81772.dir/CheckFunctionExists.c.o  -o cmTC_81772 -lpthreads 
/usr/bin/ld: cannot find -lpthreads
collect2: error: ld returned 1 exit status
CMakeFiles/cmTC_81772.dir/build.make:97: recipe for target 'cmTC_81772' failed
make[1]: *** [cmTC_81772] Error 1
make[1]: Leaving directory '/home/mivia/CONSEGNA/Exercise5/build/fanuc_description/CMakeFiles/CMakeTmp'
Makefile:126: recipe for target 'cmTC_81772/fast' failed
make: *** [cmTC_81772/fast] Error 2


