[35m[1mScanning dependencies of target _ex2_pkg_msgs_generate_messages_check_deps_position[0m
[35m[1mScanning dependencies of target _ex2_pkg_msgs_generate_messages_check_deps_joints[0m
[35m[1mScanning dependencies of target std_msgs_generate_messages_nodejs[0m
[35m[1mScanning dependencies of target std_msgs_generate_messages_cpp[0m
[  0%] Built target std_msgs_generate_messages_cpp
[  0%] Built target std_msgs_generate_messages_nodejs
[35m[1mScanning dependencies of target std_msgs_generate_messages_lisp[0m
[35m[1mScanning dependencies of target std_msgs_generate_messages_eus[0m
[  0%] Built target std_msgs_generate_messages_lisp
[  0%] Built target std_msgs_generate_messages_eus
[  0%] Built target _ex2_pkg_msgs_generate_messages_check_deps_position
[  0%] Built target _ex2_pkg_msgs_generate_messages_check_deps_joints
[35m[1mScanning dependencies of target std_msgs_generate_messages_py[0m
[35m[1mScanning dependencies of target ex2_pkg_msgs_generate_messages_lisp[0m
[35m[1mScanning dependencies of target ex2_pkg_msgs_generate_messages_nodejs[0m
[35m[1mScanning dependencies of target ex2_pkg_msgs_generate_messages_cpp[0m
[  8%] Built target std_msgs_generate_messages_py
[  8%] [34m[1mGenerating Lisp code from ex2_pkg_msgs/position.msg[0m
[ 16%] [34m[1mGenerating Javascript code from ex2_pkg_msgs/position.msg[0m
[ 25%] [34m[1mGenerating C++ code from ex2_pkg_msgs/position.msg[0m
[35m[1mScanning dependencies of target ex2_pkg_msgs_generate_messages_eus[0m
[ 33%] [34m[1mGenerating EusLisp code from ex2_pkg_msgs/position.msg[0m
[ 50%] [34m[1mGenerating Javascript code from ex2_pkg_msgs/joints.msg[0m
[ 50%] [34m[1mGenerating Lisp code from ex2_pkg_msgs/joints.msg[0m
[ 58%] [34m[1mGenerating EusLisp code from ex2_pkg_msgs/joints.msg[0m
[ 58%] Built target ex2_pkg_msgs_generate_messages_lisp
[ 58%] Built target ex2_pkg_msgs_generate_messages_nodejs
[35m[1mScanning dependencies of target ex2_pkg_msgs_generate_messages_py[0m
[ 66%] [34m[1mGenerating C++ code from ex2_pkg_msgs/joints.msg[0m
[ 75%] [34m[1mGenerating Python from MSG ex2_pkg_msgs/position[0m
[ 83%] [34m[1mGenerating EusLisp manifest code for ex2_pkg_msgs[0m
[ 91%] [34m[1mGenerating Python from MSG ex2_pkg_msgs/joints[0m
[ 91%] Built target ex2_pkg_msgs_generate_messages_cpp
[100%] [34m[1mGenerating Python msg __init__.py for ex2_pkg_msgs[0m
[100%] Built target ex2_pkg_msgs_generate_messages_py
[100%] Built target ex2_pkg_msgs_generate_messages_eus
[35m[1mScanning dependencies of target ex2_pkg_msgs_generate_messages[0m
[100%] Built target ex2_pkg_msgs_generate_messages
