Symlinking /home/mivia/CONSEGNA/ex2_ws/devel/lib/python2.7/dist-packages/ex2_pkg_msgs/__init__.py
Symlinking /home/mivia/CONSEGNA/ex2_ws/devel/lib/python2.7/dist-packages/ex2_pkg_msgs/msg/_joints.py
Symlinking /home/mivia/CONSEGNA/ex2_ws/devel/lib/python2.7/dist-packages/ex2_pkg_msgs/msg/_position.py
Symlinking /home/mivia/CONSEGNA/ex2_ws/devel/lib/python2.7/dist-packages/ex2_pkg_msgs/msg/__init__.py
Symlinking /home/mivia/CONSEGNA/ex2_ws/devel/lib/pkgconfig/ex2_pkg_msgs.pc
Symlinking /home/mivia/CONSEGNA/ex2_ws/devel/include/ex2_pkg_msgs/joints.h
Symlinking /home/mivia/CONSEGNA/ex2_ws/devel/include/ex2_pkg_msgs/position.h
Symlinking /home/mivia/CONSEGNA/ex2_ws/devel/share/gennodejs/ros/ex2_pkg_msgs/_index.js
Symlinking /home/mivia/CONSEGNA/ex2_ws/devel/share/gennodejs/ros/ex2_pkg_msgs/msg/joints.js
Symlinking /home/mivia/CONSEGNA/ex2_ws/devel/share/gennodejs/ros/ex2_pkg_msgs/msg/position.js
Symlinking /home/mivia/CONSEGNA/ex2_ws/devel/share/gennodejs/ros/ex2_pkg_msgs/msg/_index.js
Symlinking /home/mivia/CONSEGNA/ex2_ws/devel/share/common-lisp/ros/ex2_pkg_msgs/msg/joints.lisp
Symlinking /home/mivia/CONSEGNA/ex2_ws/devel/share/common-lisp/ros/ex2_pkg_msgs/msg/_package_position.lisp
Symlinking /home/mivia/CONSEGNA/ex2_ws/devel/share/common-lisp/ros/ex2_pkg_msgs/msg/_package.lisp
Symlinking /home/mivia/CONSEGNA/ex2_ws/devel/share/common-lisp/ros/ex2_pkg_msgs/msg/ex2_pkg_msgs-msg.asd
Symlinking /home/mivia/CONSEGNA/ex2_ws/devel/share/common-lisp/ros/ex2_pkg_msgs/msg/position.lisp
Symlinking /home/mivia/CONSEGNA/ex2_ws/devel/share/common-lisp/ros/ex2_pkg_msgs/msg/_package_joints.lisp
Symlinking /home/mivia/CONSEGNA/ex2_ws/devel/share/roseus/ros/ex2_pkg_msgs/manifest.l
Symlinking /home/mivia/CONSEGNA/ex2_ws/devel/share/roseus/ros/ex2_pkg_msgs/msg/joints.l
Symlinking /home/mivia/CONSEGNA/ex2_ws/devel/share/roseus/ros/ex2_pkg_msgs/msg/position.l
Symlinking /home/mivia/CONSEGNA/ex2_ws/devel/share/ex2_pkg_msgs/cmake/ex2_pkg_msgsConfig-version.cmake
Symlinking /home/mivia/CONSEGNA/ex2_ws/devel/share/ex2_pkg_msgs/cmake/ex2_pkg_msgsConfig.cmake
Symlinking /home/mivia/CONSEGNA/ex2_ws/devel/share/ex2_pkg_msgs/cmake/ex2_pkg_msgs-msg-extras.cmake
Symlinking /home/mivia/CONSEGNA/ex2_ws/devel/share/ex2_pkg_msgs/cmake/ex2_pkg_msgs-msg-paths.cmake
