Linked: (/home/mivia/CONSEGNA/fanuc_ws/devel/.private/kinematics_action_msgs/lib/python2.7/dist-packages/kinematics_action_msgs/__init__.py, /home/mivia/CONSEGNA/fanuc_ws/devel/lib/python2.7/dist-packages/kinematics_action_msgs/__init__.py)
Linked: (/home/mivia/CONSEGNA/fanuc_ws/devel/.private/kinematics_action_msgs/lib/python2.7/dist-packages/kinematics_action_msgs/msg/_GetIKSolutionsAction.py, /home/mivia/CONSEGNA/fanuc_ws/devel/lib/python2.7/dist-packages/kinematics_action_msgs/msg/_GetIKSolutionsAction.py)
Linked: (/home/mivia/CONSEGNA/fanuc_ws/devel/.private/kinematics_action_msgs/lib/python2.7/dist-packages/kinematics_action_msgs/msg/_GetIKSolutionsFeedback.py, /home/mivia/CONSEGNA/fanuc_ws/devel/lib/python2.7/dist-packages/kinematics_action_msgs/msg/_GetIKSolutionsFeedback.py)
Linked: (/home/mivia/CONSEGNA/fanuc_ws/devel/.private/kinematics_action_msgs/lib/python2.7/dist-packages/kinematics_action_msgs/msg/_GetIKSolutionsActionFeedback.py, /home/mivia/CONSEGNA/fanuc_ws/devel/lib/python2.7/dist-packages/kinematics_action_msgs/msg/_GetIKSolutionsActionFeedback.py)
Linked: (/home/mivia/CONSEGNA/fanuc_ws/devel/.private/kinematics_action_msgs/lib/python2.7/dist-packages/kinematics_action_msgs/msg/_GetIKSolutionsResult.py, /home/mivia/CONSEGNA/fanuc_ws/devel/lib/python2.7/dist-packages/kinematics_action_msgs/msg/_GetIKSolutionsResult.py)
Linked: (/home/mivia/CONSEGNA/fanuc_ws/devel/.private/kinematics_action_msgs/lib/python2.7/dist-packages/kinematics_action_msgs/msg/__init__.py, /home/mivia/CONSEGNA/fanuc_ws/devel/lib/python2.7/dist-packages/kinematics_action_msgs/msg/__init__.py)
Linked: (/home/mivia/CONSEGNA/fanuc_ws/devel/.private/kinematics_action_msgs/lib/python2.7/dist-packages/kinematics_action_msgs/msg/_GetIKSolutionsGoal.py, /home/mivia/CONSEGNA/fanuc_ws/devel/lib/python2.7/dist-packages/kinematics_action_msgs/msg/_GetIKSolutionsGoal.py)
Linked: (/home/mivia/CONSEGNA/fanuc_ws/devel/.private/kinematics_action_msgs/lib/python2.7/dist-packages/kinematics_action_msgs/msg/_GetIKSolutionsActionGoal.py, /home/mivia/CONSEGNA/fanuc_ws/devel/lib/python2.7/dist-packages/kinematics_action_msgs/msg/_GetIKSolutionsActionGoal.py)
Linked: (/home/mivia/CONSEGNA/fanuc_ws/devel/.private/kinematics_action_msgs/lib/python2.7/dist-packages/kinematics_action_msgs/msg/_GetIKSolutionsActionResult.py, /home/mivia/CONSEGNA/fanuc_ws/devel/lib/python2.7/dist-packages/kinematics_action_msgs/msg/_GetIKSolutionsActionResult.py)
Linked: (/home/mivia/CONSEGNA/fanuc_ws/devel/.private/kinematics_action_msgs/lib/pkgconfig/kinematics_action_msgs.pc, /home/mivia/CONSEGNA/fanuc_ws/devel/lib/pkgconfig/kinematics_action_msgs.pc)
Linked: (/home/mivia/CONSEGNA/fanuc_ws/devel/.private/kinematics_action_msgs/include/kinematics_action_msgs/GetIKSolutionsFeedback.h, /home/mivia/CONSEGNA/fanuc_ws/devel/include/kinematics_action_msgs/GetIKSolutionsFeedback.h)
Linked: (/home/mivia/CONSEGNA/fanuc_ws/devel/.private/kinematics_action_msgs/include/kinematics_action_msgs/GetIKSolutionsGoal.h, /home/mivia/CONSEGNA/fanuc_ws/devel/include/kinematics_action_msgs/GetIKSolutionsGoal.h)
Linked: (/home/mivia/CONSEGNA/fanuc_ws/devel/.private/kinematics_action_msgs/include/kinematics_action_msgs/GetIKSolutionsActionGoal.h, /home/mivia/CONSEGNA/fanuc_ws/devel/include/kinematics_action_msgs/GetIKSolutionsActionGoal.h)
Linked: (/home/mivia/CONSEGNA/fanuc_ws/devel/.private/kinematics_action_msgs/include/kinematics_action_msgs/GetIKSolutionsResult.h, /home/mivia/CONSEGNA/fanuc_ws/devel/include/kinematics_action_msgs/GetIKSolutionsResult.h)
Linked: (/home/mivia/CONSEGNA/fanuc_ws/devel/.private/kinematics_action_msgs/include/kinematics_action_msgs/GetIKSolutionsAction.h, /home/mivia/CONSEGNA/fanuc_ws/devel/include/kinematics_action_msgs/GetIKSolutionsAction.h)
Linked: (/home/mivia/CONSEGNA/fanuc_ws/devel/.private/kinematics_action_msgs/include/kinematics_action_msgs/GetIKSolutionsActionFeedback.h, /home/mivia/CONSEGNA/fanuc_ws/devel/include/kinematics_action_msgs/GetIKSolutionsActionFeedback.h)
Linked: (/home/mivia/CONSEGNA/fanuc_ws/devel/.private/kinematics_action_msgs/include/kinematics_action_msgs/GetIKSolutionsActionResult.h, /home/mivia/CONSEGNA/fanuc_ws/devel/include/kinematics_action_msgs/GetIKSolutionsActionResult.h)
Linked: (/home/mivia/CONSEGNA/fanuc_ws/devel/.private/kinematics_action_msgs/share/gennodejs/ros/kinematics_action_msgs/_index.js, /home/mivia/CONSEGNA/fanuc_ws/devel/share/gennodejs/ros/kinematics_action_msgs/_index.js)
Linked: (/home/mivia/CONSEGNA/fanuc_ws/devel/.private/kinematics_action_msgs/share/gennodejs/ros/kinematics_action_msgs/msg/GetIKSolutionsActionFeedback.js, /home/mivia/CONSEGNA/fanuc_ws/devel/share/gennodejs/ros/kinematics_action_msgs/msg/GetIKSolutionsActionFeedback.js)
Linked: (/home/mivia/CONSEGNA/fanuc_ws/devel/.private/kinematics_action_msgs/share/gennodejs/ros/kinematics_action_msgs/msg/GetIKSolutionsResult.js, /home/mivia/CONSEGNA/fanuc_ws/devel/share/gennodejs/ros/kinematics_action_msgs/msg/GetIKSolutionsResult.js)
Linked: (/home/mivia/CONSEGNA/fanuc_ws/devel/.private/kinematics_action_msgs/share/gennodejs/ros/kinematics_action_msgs/msg/_index.js, /home/mivia/CONSEGNA/fanuc_ws/devel/share/gennodejs/ros/kinematics_action_msgs/msg/_index.js)
Linked: (/home/mivia/CONSEGNA/fanuc_ws/devel/.private/kinematics_action_msgs/share/gennodejs/ros/kinematics_action_msgs/msg/GetIKSolutionsFeedback.js, /home/mivia/CONSEGNA/fanuc_ws/devel/share/gennodejs/ros/kinematics_action_msgs/msg/GetIKSolutionsFeedback.js)
Linked: (/home/mivia/CONSEGNA/fanuc_ws/devel/.private/kinematics_action_msgs/share/gennodejs/ros/kinematics_action_msgs/msg/GetIKSolutionsGoal.js, /home/mivia/CONSEGNA/fanuc_ws/devel/share/gennodejs/ros/kinematics_action_msgs/msg/GetIKSolutionsGoal.js)
Linked: (/home/mivia/CONSEGNA/fanuc_ws/devel/.private/kinematics_action_msgs/share/gennodejs/ros/kinematics_action_msgs/msg/GetIKSolutionsActionResult.js, /home/mivia/CONSEGNA/fanuc_ws/devel/share/gennodejs/ros/kinematics_action_msgs/msg/GetIKSolutionsActionResult.js)
Linked: (/home/mivia/CONSEGNA/fanuc_ws/devel/.private/kinematics_action_msgs/share/gennodejs/ros/kinematics_action_msgs/msg/GetIKSolutionsAction.js, /home/mivia/CONSEGNA/fanuc_ws/devel/share/gennodejs/ros/kinematics_action_msgs/msg/GetIKSolutionsAction.js)
Linked: (/home/mivia/CONSEGNA/fanuc_ws/devel/.private/kinematics_action_msgs/share/gennodejs/ros/kinematics_action_msgs/msg/GetIKSolutionsActionGoal.js, /home/mivia/CONSEGNA/fanuc_ws/devel/share/gennodejs/ros/kinematics_action_msgs/msg/GetIKSolutionsActionGoal.js)
Linked: (/home/mivia/CONSEGNA/fanuc_ws/devel/.private/kinematics_action_msgs/share/common-lisp/ros/kinematics_action_msgs/msg/GetIKSolutionsActionFeedback.lisp, /home/mivia/CONSEGNA/fanuc_ws/devel/share/common-lisp/ros/kinematics_action_msgs/msg/GetIKSolutionsActionFeedback.lisp)
Linked: (/home/mivia/CONSEGNA/fanuc_ws/devel/.private/kinematics_action_msgs/share/common-lisp/ros/kinematics_action_msgs/msg/GetIKSolutionsResult.lisp, /home/mivia/CONSEGNA/fanuc_ws/devel/share/common-lisp/ros/kinematics_action_msgs/msg/GetIKSolutionsResult.lisp)
Linked: (/home/mivia/CONSEGNA/fanuc_ws/devel/.private/kinematics_action_msgs/share/common-lisp/ros/kinematics_action_msgs/msg/_package_GetIKSolutionsAction.lisp, /home/mivia/CONSEGNA/fanuc_ws/devel/share/common-lisp/ros/kinematics_action_msgs/msg/_package_GetIKSolutionsAction.lisp)
Linked: (/home/mivia/CONSEGNA/fanuc_ws/devel/.private/kinematics_action_msgs/share/common-lisp/ros/kinematics_action_msgs/msg/_package_GetIKSolutionsActionGoal.lisp, /home/mivia/CONSEGNA/fanuc_ws/devel/share/common-lisp/ros/kinematics_action_msgs/msg/_package_GetIKSolutionsActionGoal.lisp)
Linked: (/home/mivia/CONSEGNA/fanuc_ws/devel/.private/kinematics_action_msgs/share/common-lisp/ros/kinematics_action_msgs/msg/GetIKSolutionsActionGoal.lisp, /home/mivia/CONSEGNA/fanuc_ws/devel/share/common-lisp/ros/kinematics_action_msgs/msg/GetIKSolutionsActionGoal.lisp)
Linked: (/home/mivia/CONSEGNA/fanuc_ws/devel/.private/kinematics_action_msgs/share/common-lisp/ros/kinematics_action_msgs/msg/_package_GetIKSolutionsActionResult.lisp, /home/mivia/CONSEGNA/fanuc_ws/devel/share/common-lisp/ros/kinematics_action_msgs/msg/_package_GetIKSolutionsActionResult.lisp)
Linked: (/home/mivia/CONSEGNA/fanuc_ws/devel/.private/kinematics_action_msgs/share/common-lisp/ros/kinematics_action_msgs/msg/_package_GetIKSolutionsActionFeedback.lisp, /home/mivia/CONSEGNA/fanuc_ws/devel/share/common-lisp/ros/kinematics_action_msgs/msg/_package_GetIKSolutionsActionFeedback.lisp)
Linked: (/home/mivia/CONSEGNA/fanuc_ws/devel/.private/kinematics_action_msgs/share/common-lisp/ros/kinematics_action_msgs/msg/_package_GetIKSolutionsResult.lisp, /home/mivia/CONSEGNA/fanuc_ws/devel/share/common-lisp/ros/kinematics_action_msgs/msg/_package_GetIKSolutionsResult.lisp)
Linked: (/home/mivia/CONSEGNA/fanuc_ws/devel/.private/kinematics_action_msgs/share/common-lisp/ros/kinematics_action_msgs/msg/_package_GetIKSolutionsFeedback.lisp, /home/mivia/CONSEGNA/fanuc_ws/devel/share/common-lisp/ros/kinematics_action_msgs/msg/_package_GetIKSolutionsFeedback.lisp)
Linked: (/home/mivia/CONSEGNA/fanuc_ws/devel/.private/kinematics_action_msgs/share/common-lisp/ros/kinematics_action_msgs/msg/GetIKSolutionsAction.lisp, /home/mivia/CONSEGNA/fanuc_ws/devel/share/common-lisp/ros/kinematics_action_msgs/msg/GetIKSolutionsAction.lisp)
Linked: (/home/mivia/CONSEGNA/fanuc_ws/devel/.private/kinematics_action_msgs/share/common-lisp/ros/kinematics_action_msgs/msg/kinematics_action_msgs-msg.asd, /home/mivia/CONSEGNA/fanuc_ws/devel/share/common-lisp/ros/kinematics_action_msgs/msg/kinematics_action_msgs-msg.asd)
Linked: (/home/mivia/CONSEGNA/fanuc_ws/devel/.private/kinematics_action_msgs/share/common-lisp/ros/kinematics_action_msgs/msg/_package_GetIKSolutionsGoal.lisp, /home/mivia/CONSEGNA/fanuc_ws/devel/share/common-lisp/ros/kinematics_action_msgs/msg/_package_GetIKSolutionsGoal.lisp)
Linked: (/home/mivia/CONSEGNA/fanuc_ws/devel/.private/kinematics_action_msgs/share/common-lisp/ros/kinematics_action_msgs/msg/GetIKSolutionsGoal.lisp, /home/mivia/CONSEGNA/fanuc_ws/devel/share/common-lisp/ros/kinematics_action_msgs/msg/GetIKSolutionsGoal.lisp)
Linked: (/home/mivia/CONSEGNA/fanuc_ws/devel/.private/kinematics_action_msgs/share/common-lisp/ros/kinematics_action_msgs/msg/GetIKSolutionsActionResult.lisp, /home/mivia/CONSEGNA/fanuc_ws/devel/share/common-lisp/ros/kinematics_action_msgs/msg/GetIKSolutionsActionResult.lisp)
Linked: (/home/mivia/CONSEGNA/fanuc_ws/devel/.private/kinematics_action_msgs/share/common-lisp/ros/kinematics_action_msgs/msg/_package.lisp, /home/mivia/CONSEGNA/fanuc_ws/devel/share/common-lisp/ros/kinematics_action_msgs/msg/_package.lisp)
Linked: (/home/mivia/CONSEGNA/fanuc_ws/devel/.private/kinematics_action_msgs/share/common-lisp/ros/kinematics_action_msgs/msg/GetIKSolutionsFeedback.lisp, /home/mivia/CONSEGNA/fanuc_ws/devel/share/common-lisp/ros/kinematics_action_msgs/msg/GetIKSolutionsFeedback.lisp)
Linked: (/home/mivia/CONSEGNA/fanuc_ws/devel/.private/kinematics_action_msgs/share/kinematics_action_msgs/msg/GetIKSolutionsActionGoal.msg, /home/mivia/CONSEGNA/fanuc_ws/devel/share/kinematics_action_msgs/msg/GetIKSolutionsActionGoal.msg)
Linked: (/home/mivia/CONSEGNA/fanuc_ws/devel/.private/kinematics_action_msgs/share/kinematics_action_msgs/msg/GetIKSolutionsActionResult.msg, /home/mivia/CONSEGNA/fanuc_ws/devel/share/kinematics_action_msgs/msg/GetIKSolutionsActionResult.msg)
Linked: (/home/mivia/CONSEGNA/fanuc_ws/devel/.private/kinematics_action_msgs/share/kinematics_action_msgs/msg/GetIKSolutionsFeedback.msg, /home/mivia/CONSEGNA/fanuc_ws/devel/share/kinematics_action_msgs/msg/GetIKSolutionsFeedback.msg)
Linked: (/home/mivia/CONSEGNA/fanuc_ws/devel/.private/kinematics_action_msgs/share/kinematics_action_msgs/msg/GetIKSolutionsGoal.msg, /home/mivia/CONSEGNA/fanuc_ws/devel/share/kinematics_action_msgs/msg/GetIKSolutionsGoal.msg)
Linked: (/home/mivia/CONSEGNA/fanuc_ws/devel/.private/kinematics_action_msgs/share/kinematics_action_msgs/msg/GetIKSolutionsResult.msg, /home/mivia/CONSEGNA/fanuc_ws/devel/share/kinematics_action_msgs/msg/GetIKSolutionsResult.msg)
Linked: (/home/mivia/CONSEGNA/fanuc_ws/devel/.private/kinematics_action_msgs/share/kinematics_action_msgs/msg/GetIKSolutionsAction.msg, /home/mivia/CONSEGNA/fanuc_ws/devel/share/kinematics_action_msgs/msg/GetIKSolutionsAction.msg)
Linked: (/home/mivia/CONSEGNA/fanuc_ws/devel/.private/kinematics_action_msgs/share/kinematics_action_msgs/msg/GetIKSolutionsActionFeedback.msg, /home/mivia/CONSEGNA/fanuc_ws/devel/share/kinematics_action_msgs/msg/GetIKSolutionsActionFeedback.msg)
Linked: (/home/mivia/CONSEGNA/fanuc_ws/devel/.private/kinematics_action_msgs/share/kinematics_action_msgs/cmake/kinematics_action_msgs-msg-extras.cmake, /home/mivia/CONSEGNA/fanuc_ws/devel/share/kinematics_action_msgs/cmake/kinematics_action_msgs-msg-extras.cmake)
Linked: (/home/mivia/CONSEGNA/fanuc_ws/devel/.private/kinematics_action_msgs/share/kinematics_action_msgs/cmake/kinematics_action_msgs-msg-paths.cmake, /home/mivia/CONSEGNA/fanuc_ws/devel/share/kinematics_action_msgs/cmake/kinematics_action_msgs-msg-paths.cmake)
Linked: (/home/mivia/CONSEGNA/fanuc_ws/devel/.private/kinematics_action_msgs/share/kinematics_action_msgs/cmake/kinematics_action_msgsConfig-version.cmake, /home/mivia/CONSEGNA/fanuc_ws/devel/share/kinematics_action_msgs/cmake/kinematics_action_msgsConfig-version.cmake)
Linked: (/home/mivia/CONSEGNA/fanuc_ws/devel/.private/kinematics_action_msgs/share/kinematics_action_msgs/cmake/kinematics_action_msgsConfig.cmake, /home/mivia/CONSEGNA/fanuc_ws/devel/share/kinematics_action_msgs/cmake/kinematics_action_msgsConfig.cmake)
Linked: (/home/mivia/CONSEGNA/fanuc_ws/devel/.private/kinematics_action_msgs/share/roseus/ros/kinematics_action_msgs/manifest.l, /home/mivia/CONSEGNA/fanuc_ws/devel/share/roseus/ros/kinematics_action_msgs/manifest.l)
Linked: (/home/mivia/CONSEGNA/fanuc_ws/devel/.private/kinematics_action_msgs/share/roseus/ros/kinematics_action_msgs/msg/GetIKSolutionsFeedback.l, /home/mivia/CONSEGNA/fanuc_ws/devel/share/roseus/ros/kinematics_action_msgs/msg/GetIKSolutionsFeedback.l)
Linked: (/home/mivia/CONSEGNA/fanuc_ws/devel/.private/kinematics_action_msgs/share/roseus/ros/kinematics_action_msgs/msg/GetIKSolutionsGoal.l, /home/mivia/CONSEGNA/fanuc_ws/devel/share/roseus/ros/kinematics_action_msgs/msg/GetIKSolutionsGoal.l)
Linked: (/home/mivia/CONSEGNA/fanuc_ws/devel/.private/kinematics_action_msgs/share/roseus/ros/kinematics_action_msgs/msg/GetIKSolutionsActionGoal.l, /home/mivia/CONSEGNA/fanuc_ws/devel/share/roseus/ros/kinematics_action_msgs/msg/GetIKSolutionsActionGoal.l)
Linked: (/home/mivia/CONSEGNA/fanuc_ws/devel/.private/kinematics_action_msgs/share/roseus/ros/kinematics_action_msgs/msg/GetIKSolutionsResult.l, /home/mivia/CONSEGNA/fanuc_ws/devel/share/roseus/ros/kinematics_action_msgs/msg/GetIKSolutionsResult.l)
Linked: (/home/mivia/CONSEGNA/fanuc_ws/devel/.private/kinematics_action_msgs/share/roseus/ros/kinematics_action_msgs/msg/GetIKSolutionsAction.l, /home/mivia/CONSEGNA/fanuc_ws/devel/share/roseus/ros/kinematics_action_msgs/msg/GetIKSolutionsAction.l)
Linked: (/home/mivia/CONSEGNA/fanuc_ws/devel/.private/kinematics_action_msgs/share/roseus/ros/kinematics_action_msgs/msg/GetIKSolutionsActionResult.l, /home/mivia/CONSEGNA/fanuc_ws/devel/share/roseus/ros/kinematics_action_msgs/msg/GetIKSolutionsActionResult.l)
Linked: (/home/mivia/CONSEGNA/fanuc_ws/devel/.private/kinematics_action_msgs/share/roseus/ros/kinematics_action_msgs/msg/GetIKSolutionsActionFeedback.l, /home/mivia/CONSEGNA/fanuc_ws/devel/share/roseus/ros/kinematics_action_msgs/msg/GetIKSolutionsActionFeedback.l)
