[  0%] Built target moveit_msgs_generate_messages_py
[  0%] Built target _kinematics_action_msgs_generate_messages_check_deps_GetIKSolutionsResult
[  0%] Built target _kinematics_action_msgs_generate_messages_check_deps_GetIKSolutionsFeedback
[  0%] Built target _kinematics_action_msgs_generate_messages_check_deps_GetIKSolutionsActionFeedback
[  0%] Built target std_msgs_generate_messages_py
[  0%] Built target _kinematics_action_msgs_generate_messages_check_deps_GetIKSolutionsActionResult
[  0%] Built target _kinematics_action_msgs_generate_messages_check_deps_GetIKSolutionsAction
[  0%] Built target geometry_msgs_generate_messages_py
[  0%] Built target _kinematics_action_msgs_generate_messages_check_deps_GetIKSolutionsActionGoal
[  0%] Built target _kinematics_action_msgs_generate_messages_check_deps_GetIKSolutionsGoal
[  0%] Built target moveit_msgs_generate_messages_nodejs
[  0%] Built target actionlib_msgs_generate_messages_py
[  0%] Built target actionlib_msgs_generate_messages_nodejs
[  0%] Built target geometry_msgs_generate_messages_nodejs
[  0%] Built target std_msgs_generate_messages_nodejs
[  0%] Built target moveit_msgs_generate_messages_eus
[  0%] Built target actionlib_msgs_generate_messages_eus
[  0%] Built target std_msgs_generate_messages_eus
[  0%] Built target actionlib_msgs_generate_messages_cpp
[  0%] Built target geometry_msgs_generate_messages_eus
[  0%] Built target moveit_msgs_generate_messages_cpp
[  0%] Built target geometry_msgs_generate_messages_cpp
[  0%] Built target std_msgs_generate_messages_cpp
[  0%] Built target actionlib_msgs_generate_messages_lisp
[  0%] Built target geometry_msgs_generate_messages_lisp
[  0%] Built target std_msgs_generate_messages_lisp
[  0%] Built target moveit_msgs_generate_messages_lisp
[ 18%] Built target kinematics_action_msgs_generate_messages_nodejs
[ 40%] Built target kinematics_action_msgs_generate_messages_py
[ 62%] Built target kinematics_action_msgs_generate_messages_eus
[ 81%] Built target kinematics_action_msgs_generate_messages_cpp
[100%] Built target kinematics_action_msgs_generate_messages_lisp
[100%] Built target kinematics_action_msgs_generate_messages
